<?xml version="1.0" encoding="UTF-8"?>
<!-- Generated by org.testng.reporters.JUnitXMLReporter -->
<testsuite hostname="shibu-pc" ignored="0" name="Test2" tests="2" failures="2" timestamp="04 Jul 2018 10:45:34 GMT" time="100.219" errors="0">
  <testcase name="Test1" time="0.558" classname="com.pCloudy.testNG.LocalRunner3">
    <failure type="org.openqa.selenium.NoSuchElementException" message="An element could not be located on the page using the given search parameters. (WARNING: The server did not provide any stacktrace information)
Command duration or timeout: 0 milliseconds
For documentation on this error, please visit: http://seleniumhq.org/exceptions/no_such_element.html
Build info: version: &amp;apos;3.9.1&amp;apos;, revision: &amp;apos;63f7b50&amp;apos;, time: &amp;apos;2018-02-07T22:25:02.294Z&amp;apos;
System info: host: &amp;apos;shibu-pc&amp;apos;, ip: &amp;apos;127.0.1.1&amp;apos;, os.name: &amp;apos;Linux&amp;apos;, os.arch: &amp;apos;amd64&amp;apos;, os.version: &amp;apos;4.4.0-128-generic&amp;apos;, java.version: &amp;apos;1.8.0_171&amp;apos;
Driver info: org.openqa.selenium.remote.RemoteWebDriver
Capabilities {app: /Users/radmin/build/raid-da..., appActivity: com.ba.mobile.LaunchActivity, appPackage: com.pcloudy.appiumdemo, databaseEnabled: false, desired: {app: /Users/radmin/build/raid-da..., appActivity: com.ba.mobile.LaunchActivity, appPackage: com.pcloudy.appiumdemo, deviceName: 169, launchTimeout: 90000, newCommandTimeout: 600, pCloudy_ApiEndpoint: https://device.pcloudy.com, pCloudy_ApiKey: hnbjrsxgtqmnzv8pkghgtrnw, pCloudy_ApplicationName: pCloudyAppiumDemo.apk, pCloudy_DeviceManafacturer: Samsung, pCloudy_Username: shibu.prasad@sstsinc.com, platformName: Android, udid: cd4964d5}, deviceManufacturer: samsung, deviceModel: GT-I9205, deviceName: cd4964d5, deviceUDID: cd4964d5, javascriptEnabled: true, launchTimeout: 90000, locationContextEnabled: false, networkConnectionEnabled: true, newCommandTimeout: 600, pCloudy_ApiEndpoint: https://device.pcloudy.com, pCloudy_ApiKey: hnbjrsxgtqmnzv8pkghgtrnw, pCloudy_ApplicationName: pCloudyAppiumDemo.apk, pCloudy_DeviceManafacturer: Samsung, pCloudy_Username: shibu.prasad@sstsinc.com, platform: LINUX, platformName: LINUX, platformVersion: 4.2.2, takesScreenshot: true, udid: cd4964d5, warnings: {}, webStorageEnabled: false}
Session ID: 359e1762-0a12-4dcb-b7bd-ef525ff94171
*** Element info: {Using=xpath, value=//android.widget.Button[@resource-id=&amp;apos;com.pcloudy.appiumdemo:id/accept&amp;apos;]}">
      <![CDATA[org.openqa.selenium.NoSuchElementException: An element could not be located on the page using the given search parameters. (WARNING: The server did not provide any stacktrace information)
Command duration or timeout: 0 milliseconds
For documentation on this error, please visit: http://seleniumhq.org/exceptions/no_such_element.html
Build info: version: '3.9.1', revision: '63f7b50', time: '2018-02-07T22:25:02.294Z'
System info: host: 'shibu-pc', ip: '127.0.1.1', os.name: 'Linux', os.arch: 'amd64', os.version: '4.4.0-128-generic', java.version: '1.8.0_171'
Driver info: org.openqa.selenium.remote.RemoteWebDriver
Capabilities {app: /Users/radmin/build/raid-da..., appActivity: com.ba.mobile.LaunchActivity, appPackage: com.pcloudy.appiumdemo, databaseEnabled: false, desired: {app: /Users/radmin/build/raid-da..., appActivity: com.ba.mobile.LaunchActivity, appPackage: com.pcloudy.appiumdemo, deviceName: 169, launchTimeout: 90000, newCommandTimeout: 600, pCloudy_ApiEndpoint: https://device.pcloudy.com, pCloudy_ApiKey: hnbjrsxgtqmnzv8pkghgtrnw, pCloudy_ApplicationName: pCloudyAppiumDemo.apk, pCloudy_DeviceManafacturer: Samsung, pCloudy_Username: shibu.prasad@sstsinc.com, platformName: Android, udid: cd4964d5}, deviceManufacturer: samsung, deviceModel: GT-I9205, deviceName: cd4964d5, deviceUDID: cd4964d5, javascriptEnabled: true, launchTimeout: 90000, locationContextEnabled: false, networkConnectionEnabled: true, newCommandTimeout: 600, pCloudy_ApiEndpoint: https://device.pcloudy.com, pCloudy_ApiKey: hnbjrsxgtqmnzv8pkghgtrnw, pCloudy_ApplicationName: pCloudyAppiumDemo.apk, pCloudy_DeviceManafacturer: Samsung, pCloudy_Username: shibu.prasad@sstsinc.com, platform: LINUX, platformName: LINUX, platformVersion: 4.2.2, takesScreenshot: true, udid: cd4964d5, warnings: {}, webStorageEnabled: false}
Session ID: 359e1762-0a12-4dcb-b7bd-ef525ff94171
*** Element info: {Using=xpath, value=//android.widget.Button[@resource-id='com.pcloudy.appiumdemo:id/accept']}
	at org.openqa.selenium.remote.ErrorHandler.createThrowable(ErrorHandler.java:214)
	at org.openqa.selenium.remote.ErrorHandler.throwIfResponseFailed(ErrorHandler.java:166)
	at org.openqa.selenium.remote.http.JsonHttpResponseCodec.reconstructValue(JsonHttpResponseCodec.java:40)
	at org.openqa.selenium.remote.http.AbstractHttpResponseCodec.decode(AbstractHttpResponseCodec.java:80)
	at org.openqa.selenium.remote.http.AbstractHttpResponseCodec.decode(AbstractHttpResponseCodec.java:44)
	at org.openqa.selenium.remote.HttpCommandExecutor.execute(HttpCommandExecutor.java:160)
	at org.openqa.selenium.remote.RemoteWebDriver.execute(RemoteWebDriver.java:601)
	at org.openqa.selenium.remote.RemoteWebDriver.findElement(RemoteWebDriver.java:371)
	at org.openqa.selenium.remote.RemoteWebDriver.findElementByXPath(RemoteWebDriver.java:473)
	at org.openqa.selenium.By$ByXPath.findElement(By.java:361)
	at org.openqa.selenium.remote.RemoteWebDriver.findElement(RemoteWebDriver.java:363)
	at com.pCloudy.testNG.LocalRunner3.Test1(LocalRunner3.java:77)
	at java.util.concurrent.FutureTask.run(FutureTask.java:266)
	at java.util.concurrent.ThreadPoolExecutor.runWorker(ThreadPoolExecutor.java:1149)
	at java.util.concurrent.ThreadPoolExecutor$Worker.run(ThreadPoolExecutor.java:624)
	at java.lang.Thread.run(Thread.java:748)
... Removed 20 stack frames]]>
    </failure>
  </testcase> <!-- Test1 -->
  <testcase name="Test2" time="0.359" classname="com.pCloudy.testNG.LocalRunner3">
    <failure type="org.openqa.selenium.NoSuchElementException" message="An element could not be located on the page using the given search parameters. (WARNING: The server did not provide any stacktrace information)
Command duration or timeout: 0 milliseconds
For documentation on this error, please visit: http://seleniumhq.org/exceptions/no_such_element.html
Build info: version: &amp;apos;3.9.1&amp;apos;, revision: &amp;apos;63f7b50&amp;apos;, time: &amp;apos;2018-02-07T22:25:02.294Z&amp;apos;
System info: host: &amp;apos;shibu-pc&amp;apos;, ip: &amp;apos;127.0.1.1&amp;apos;, os.name: &amp;apos;Linux&amp;apos;, os.arch: &amp;apos;amd64&amp;apos;, os.version: &amp;apos;4.4.0-128-generic&amp;apos;, java.version: &amp;apos;1.8.0_171&amp;apos;
Driver info: org.openqa.selenium.remote.RemoteWebDriver
Capabilities {app: /Users/radmin/build/raid-da..., appActivity: com.ba.mobile.LaunchActivity, appPackage: com.pcloudy.appiumdemo, databaseEnabled: false, desired: {app: /Users/radmin/build/raid-da..., appActivity: com.ba.mobile.LaunchActivity, appPackage: com.pcloudy.appiumdemo, deviceName: 294, launchTimeout: 90000, newCommandTimeout: 600, pCloudy_ApiEndpoint: https://device.pcloudy.com, pCloudy_ApiKey: hnbjrsxgtqmnzv8pkghgtrnw, pCloudy_ApplicationName: pCloudyAppiumDemo.apk, pCloudy_DeviceManafacturer: Samsung, pCloudy_Username: shibu.prasad@sstsinc.com, platformName: Android, udid: 98862745434c325035}, deviceManufacturer: samsung, deviceModel: SM-G935F, deviceName: 98862745434c325035, deviceScreenSize: 1440x2560, deviceUDID: 98862745434c325035, javascriptEnabled: true, launchTimeout: 90000, locationContextEnabled: false, networkConnectionEnabled: true, newCommandTimeout: 600, pCloudy_ApiEndpoint: https://device.pcloudy.com, pCloudy_ApiKey: hnbjrsxgtqmnzv8pkghgtrnw, pCloudy_ApplicationName: pCloudyAppiumDemo.apk, pCloudy_DeviceManafacturer: Samsung, pCloudy_Username: shibu.prasad@sstsinc.com, platform: LINUX, platformName: LINUX, platformVersion: 7.0, takesScreenshot: true, udid: 98862745434c325035, warnings: {}, webStorageEnabled: false}
Session ID: 47702534-1756-4aa7-baac-31ce5a64dfdb
*** Element info: {Using=xpath, value=//android.widget.Button[@resource-id=&amp;apos;com.pcloudy.appiumdemo:id/searchFlights&amp;apos;]}">
      <![CDATA[org.openqa.selenium.NoSuchElementException: An element could not be located on the page using the given search parameters. (WARNING: The server did not provide any stacktrace information)
Command duration or timeout: 0 milliseconds
For documentation on this error, please visit: http://seleniumhq.org/exceptions/no_such_element.html
Build info: version: '3.9.1', revision: '63f7b50', time: '2018-02-07T22:25:02.294Z'
System info: host: 'shibu-pc', ip: '127.0.1.1', os.name: 'Linux', os.arch: 'amd64', os.version: '4.4.0-128-generic', java.version: '1.8.0_171'
Driver info: org.openqa.selenium.remote.RemoteWebDriver
Capabilities {app: /Users/radmin/build/raid-da..., appActivity: com.ba.mobile.LaunchActivity, appPackage: com.pcloudy.appiumdemo, databaseEnabled: false, desired: {app: /Users/radmin/build/raid-da..., appActivity: com.ba.mobile.LaunchActivity, appPackage: com.pcloudy.appiumdemo, deviceName: 294, launchTimeout: 90000, newCommandTimeout: 600, pCloudy_ApiEndpoint: https://device.pcloudy.com, pCloudy_ApiKey: hnbjrsxgtqmnzv8pkghgtrnw, pCloudy_ApplicationName: pCloudyAppiumDemo.apk, pCloudy_DeviceManafacturer: Samsung, pCloudy_Username: shibu.prasad@sstsinc.com, platformName: Android, udid: 98862745434c325035}, deviceManufacturer: samsung, deviceModel: SM-G935F, deviceName: 98862745434c325035, deviceScreenSize: 1440x2560, deviceUDID: 98862745434c325035, javascriptEnabled: true, launchTimeout: 90000, locationContextEnabled: false, networkConnectionEnabled: true, newCommandTimeout: 600, pCloudy_ApiEndpoint: https://device.pcloudy.com, pCloudy_ApiKey: hnbjrsxgtqmnzv8pkghgtrnw, pCloudy_ApplicationName: pCloudyAppiumDemo.apk, pCloudy_DeviceManafacturer: Samsung, pCloudy_Username: shibu.prasad@sstsinc.com, platform: LINUX, platformName: LINUX, platformVersion: 7.0, takesScreenshot: true, udid: 98862745434c325035, warnings: {}, webStorageEnabled: false}
Session ID: 47702534-1756-4aa7-baac-31ce5a64dfdb
*** Element info: {Using=xpath, value=//android.widget.Button[@resource-id='com.pcloudy.appiumdemo:id/searchFlights']}
	at org.openqa.selenium.remote.ErrorHandler.createThrowable(ErrorHandler.java:214)
	at org.openqa.selenium.remote.ErrorHandler.throwIfResponseFailed(ErrorHandler.java:166)
	at org.openqa.selenium.remote.http.JsonHttpResponseCodec.reconstructValue(JsonHttpResponseCodec.java:40)
	at org.openqa.selenium.remote.http.AbstractHttpResponseCodec.decode(AbstractHttpResponseCodec.java:80)
	at org.openqa.selenium.remote.http.AbstractHttpResponseCodec.decode(AbstractHttpResponseCodec.java:44)
	at org.openqa.selenium.remote.HttpCommandExecutor.execute(HttpCommandExecutor.java:160)
	at org.openqa.selenium.remote.RemoteWebDriver.execute(RemoteWebDriver.java:601)
	at org.openqa.selenium.remote.RemoteWebDriver.findElement(RemoteWebDriver.java:371)
	at org.openqa.selenium.remote.RemoteWebDriver.findElementByXPath(RemoteWebDriver.java:473)
	at org.openqa.selenium.By$ByXPath.findElement(By.java:361)
	at org.openqa.selenium.remote.RemoteWebDriver.findElement(RemoteWebDriver.java:363)
	at com.pCloudy.testNG.LocalRunner3.Test2(LocalRunner3.java:94)
	at java.util.concurrent.FutureTask.run(FutureTask.java:266)
	at java.util.concurrent.ThreadPoolExecutor.runWorker(ThreadPoolExecutor.java:1149)
	at java.util.concurrent.ThreadPoolExecutor$Worker.run(ThreadPoolExecutor.java:624)
	at java.lang.Thread.run(Thread.java:748)
... Removed 20 stack frames]]>
    </failure>
  </testcase> <!-- Test2 -->
</testsuite> <!-- Test2 -->
