<?xml version="1.0" encoding="UTF-8"?>
<!-- Generated by org.testng.reporters.JUnitXMLReporter -->
<testsuite hostname="shibu-pc" ignored="0" name="Test" tests="1" failures="0" timestamp="07 Jun 2018 10:03:53 GMT" time="32.355" errors="0">
  <testcase name="@AfterMethod endTest" time="0.086" classname="com.pCloudy.testNG.LocalRunner1">
    <failure type="org.openqa.selenium.NoSuchSessionException" message="A session is either terminated or not started (WARNING: The server did not provide any stacktrace information)
Command duration or timeout: 0 milliseconds
Build info: version: &amp;apos;3.9.1&amp;apos;, revision: &amp;apos;63f7b50&amp;apos;, time: &amp;apos;2018-02-07T22:25:02.294Z&amp;apos;
System info: host: &amp;apos;shibu-pc&amp;apos;, ip: &amp;apos;127.0.1.1&amp;apos;, os.name: &amp;apos;Linux&amp;apos;, os.arch: &amp;apos;amd64&amp;apos;, os.version: &amp;apos;4.4.0-124-generic&amp;apos;, java.version: &amp;apos;1.8.0_171&amp;apos;
Driver info: io.appium.java_client.android.AndroidDriver
Capabilities {apiKey: shibu.prasad@sstsinc.com, appActivity: com.ba.mobile.LaunchActivity, appPackage: com.pcloudy.appiumdemo, databaseEnabled: false, desired: {apiKey: shibu.prasad@sstsinc.com, appActivity: com.ba.mobile.LaunchActivity, appPackage: com.pcloudy.appiumdemo, deviceName: 2cc6de2a, launchTimeout: 90000, newCommandTimeout: 600, platformName: Android, platformVersion: 6.0.1, userName: shibu.prasad@sstsinc.com}, deviceManufacturer: TCL, deviceModel: 6055K, deviceName: 2cc6de2a, deviceScreenSize: 1080x1920, deviceUDID: 2cc6de2a, javascriptEnabled: true, launchTimeout: 90000, locationContextEnabled: false, networkConnectionEnabled: true, newCommandTimeout: 600, platform: LINUX, platformName: LINUX, platformVersion: 6.0.1, takesScreenshot: true, userName: shibu.prasad@sstsinc.com, warnings: {}, webStorageEnabled: false}
Session ID: 5055c124-43a8-40e8-b501-d179747d16d3">
      <![CDATA[org.openqa.selenium.NoSuchSessionException: A session is either terminated or not started (WARNING: The server did not provide any stacktrace information)
Command duration or timeout: 0 milliseconds
Build info: version: '3.9.1', revision: '63f7b50', time: '2018-02-07T22:25:02.294Z'
System info: host: 'shibu-pc', ip: '127.0.1.1', os.name: 'Linux', os.arch: 'amd64', os.version: '4.4.0-124-generic', java.version: '1.8.0_171'
Driver info: io.appium.java_client.android.AndroidDriver
Capabilities {apiKey: shibu.prasad@sstsinc.com, appActivity: com.ba.mobile.LaunchActivity, appPackage: com.pcloudy.appiumdemo, databaseEnabled: false, desired: {apiKey: shibu.prasad@sstsinc.com, appActivity: com.ba.mobile.LaunchActivity, appPackage: com.pcloudy.appiumdemo, deviceName: 2cc6de2a, launchTimeout: 90000, newCommandTimeout: 600, platformName: Android, platformVersion: 6.0.1, userName: shibu.prasad@sstsinc.com}, deviceManufacturer: TCL, deviceModel: 6055K, deviceName: 2cc6de2a, deviceScreenSize: 1080x1920, deviceUDID: 2cc6de2a, javascriptEnabled: true, launchTimeout: 90000, locationContextEnabled: false, networkConnectionEnabled: true, newCommandTimeout: 600, platform: LINUX, platformName: LINUX, platformVersion: 6.0.1, takesScreenshot: true, userName: shibu.prasad@sstsinc.com, warnings: {}, webStorageEnabled: false}
Session ID: 5055c124-43a8-40e8-b501-d179747d16d3
	at org.openqa.selenium.remote.ErrorHandler.createThrowable(ErrorHandler.java:214)
	at org.openqa.selenium.remote.ErrorHandler.throwIfResponseFailed(ErrorHandler.java:166)
	at org.openqa.selenium.remote.http.JsonHttpResponseCodec.reconstructValue(JsonHttpResponseCodec.java:40)
	at org.openqa.selenium.remote.http.AbstractHttpResponseCodec.decode(AbstractHttpResponseCodec.java:80)
	at org.openqa.selenium.remote.http.AbstractHttpResponseCodec.decode(AbstractHttpResponseCodec.java:44)
	at org.openqa.selenium.remote.HttpCommandExecutor.execute(HttpCommandExecutor.java:160)
	at io.appium.java_client.remote.AppiumCommandExecutor.execute(AppiumCommandExecutor.java:129)
	at org.openqa.selenium.remote.RemoteWebDriver.execute(RemoteWebDriver.java:601)
	at io.appium.java_client.DefaultGenericMobileDriver.execute(DefaultGenericMobileDriver.java:46)
	at io.appium.java_client.AppiumDriver.execute(AppiumDriver.java:1)
	at io.appium.java_client.android.AndroidDriver.execute(AndroidDriver.java:1)
	at org.openqa.selenium.remote.RemoteWebDriver.quit(RemoteWebDriver.java:497)
	at com.pCloudy.testNG.LocalRunner1.endTest(LocalRunner1.java:79)
... Removed 34 stack frames]]>
    </failure>
  </testcase> <!-- @AfterMethod endTest -->
  <testcase name="@AfterTest tearDownSuite" time="0.0" classname="com.pCloudy.testNG.LocalRunner1">
    <skipped/>
  </testcase> <!-- @AfterTest tearDownSuite -->
  <testcase name="Test1" time="7.29" classname="com.pCloudy.testNG.LocalRunner1"/>
</testsuite> <!-- Test -->
